<?xml version="1.0" encoding="UTF-8"?>
<!-- Generated by org.testng.reporters.JUnitXMLReporter -->
<testsuite ignored="0" hostname="DESKTOP-7OP4659" failures="0" tests="4" name="Test" time="0.195" errors="0" timestamp="2022-05-13T17:08:25 EDT">
  <testcase classname="testng.Basic1" name="m1" time="0.017"/>
  <testcase classname="testng.Basic1" name="m2" time="0.005"/>
  <testcase classname="testng.Basicoftstng" name="m1" time="0.002"/>
  <testcase classname="testng.Basicoftstng" name="m2" time="0.003"/>
</testsuite> <!-- Test -->
