<?xml version="1.0" encoding="UTF-8"?>
<testng-results ignored="0" total="2" passed="2" failed="0" skipped="0">
  <reporter-output>
  </reporter-output>
  <suite started-at="2022-05-25T19:53:59 EDT" name="Default suite" finished-at="2022-05-25T19:54:07 EDT" duration-ms="8001">
    <groups>
    </groups>
    <test started-at="2022-05-25T19:53:59 EDT" name="Default test" finished-at="2022-05-25T19:54:07 EDT" duration-ms="8001">
      <class name="testng.Zerodha">
        <test-method signature="LoginFunctionalityZerodha()[pri:0, instance:testng.Zerodha@62230c58]" started-at="2022-05-25T19:53:59 EDT" name="LoginFunctionalityZerodha" finished-at="2022-05-25T19:54:07 EDT" duration-ms="7806" status="PASS">
          <reporter-output>
          </reporter-output>
        </test-method> <!-- LoginFunctionalityZerodha -->
        <test-method signature="verifyPinFunctinality()[pri:0, instance:testng.Zerodha@62230c58]" started-at="2022-05-25T19:54:07 EDT" name="verifyPinFunctinality" finished-at="2022-05-25T19:54:07 EDT" duration-ms="137" status="PASS">
          <reporter-output>
          </reporter-output>
        </test-method> <!-- verifyPinFunctinality -->
      </class> <!-- testng.Zerodha -->
    </test> <!-- Default test -->
  </suite> <!-- Default suite -->
</testng-results>
